This is pdfTeX, Version 3.1415926-1.40.9 (MiKTeX 2.7) (preloaded format=latex 2009.6.10)  14 JUN 2009 23:06
entering extended mode
**intro.tex
(intro.tex
LaTeX2e <2005/12/01>
Babel <v3.8l> and hyphenation patterns for english, dumylang, nohyphenation, ge
rman, ngerman, german-x-2008-06-18, ngerman-x-2008-06-18, french, loaded.

! LaTeX Error: \imagepath undefined.

See the LaTeX manual or LaTeX Companion for explanation.
Type  H <return>  for immediate help.
 ...                                              
                                                  
l.7 \renewcommand{\imagepath}
                             [1]{\fname{1-intro/images/#1}}
? X
 
Here is how much of TeX's memory you used:
 8 strings out of 95305
 214 string characters out of 1183059
 45021 words of memory out of 1500000
 3307 multiletter control sequences out of 110000
 3640 words of font info for 14 fonts, out of 1200000 for 2000
 14 hyphenation exceptions out of 8191
 5i,0n,5p,84b,14s stack positions out of 5000i,500n,10000p,200000b,5000s
No pages of output.
